<?xml version="1.0" encoding="UTF-8"?>
<!-- Generated by org.testng.reporters.JUnitXMLReporter -->
<testsuite hostname="DESKTOP-TA3D90D" ignored="0" name="Open Account Test" tests="1" failures="1" timestamp="2020-05-20T10:57:50 EDT" time="2.084" errors="0">
  <testcase name="openAccountTest" time="2.068" classname="alak.dutta.testcases.OpenAccountTest">
    <failure type="java.lang.IllegalArgumentException" message="Cannot find elements when name text is null.">
      <![CDATA[java.lang.IllegalArgumentException: Cannot find elements when name text is null.
at org.openqa.selenium.By$ByName.<init>(By.java:267)
at org.openqa.selenium.By.name(By.java:76)
at alak.dutta.base.TestBase.select(TestBase.java:170)
at alak.dutta.testcases.OpenAccountTest.openAccountTest(OpenAccountTest.java:17)
at java.util.ArrayList.forEach(ArrayList.java:1257)
... Removed 27 stack frames]]>
    </failure>
  </testcase> <!-- openAccountTest -->
</testsuite> <!-- Open Account Test -->
